Started GET "/" for ::1 at 2021-04-05 17:53:40 -0700

ActiveRecord::NoDatabaseError - FATAL:  database "tomo_book_development" does not exist:

Started POST "/__better_errors/a9a989151ee81b8b/variables" for ::1 at 2021-04-05 17:53:41 -0700
  [1m[35m (1315.4ms)[0m  [1m[35mCREATE DATABASE "tomo_book_development" ENCODING = 'unicode'[0m
  ↳ bin/rails:9
  [1m[35m (955.4ms)[0m  [1m[35mCREATE DATABASE "tomo_book_test" ENCODING = 'unicode'[0m
  ↳ bin/rails:9
  [1m[35m (16.8ms)[0m  [1m[35mCREATE TABLE "schema_migrations" ("version" character varying NOT NULL PRIMARY KEY)[0m
  ↳ bin/rails:9
  [1m[35m (4.5ms)[0m  [1m[35mCREATE TABLE "ar_internal_metadata" ("key" character varying NOT NULL PRIMARY KEY, "value" character varying, "created_at" timestamp NOT NULL, "updated_at" timestamp NOT NULL)[0m
  ↳ bin/rails:9
  [1m[35m (0.8ms)[0m  [1m[34mSELECT pg_try_advisory_lock(5226883760960717625)[0m
  ↳ bin/rails:9
  [1m[35m (4.2ms)[0m  [1m[34mSELECT "schema_migrations"."version" FROM "schema_migrations" ORDER BY "schema_migrations"."version" ASC[0m
  ↳ bin/rails:9
Migrating to CreateUsers (20210406011703)
  [1m[35m (0.1ms)[0m  [1m[35mBEGIN[0m
  ↳ bin/rails:9
  [1m[35m (6.4ms)[0m  [1m[35mCREATE TABLE "users" ("id" bigserial primary key, "username" character varying NOT NULL, "email" character varying NOT NULL, "birthday" date NOT NULL, "password_digest" character varying NOT NULL, "session_token" character varying NOT NULL, "created_at" timestamp NOT NULL, "updated_at" timestamp NOT NULL)[0m
  ↳ db/migrate/20210406011703_create_users.rb:3
  [1m[35m (1.4ms)[0m  [1m[35mCREATE UNIQUE INDEX  "index_users_on_username" ON "users"  ("username")[0m
  ↳ db/migrate/20210406011703_create_users.rb:12
  [1m[35m (1.7ms)[0m  [1m[35mCREATE UNIQUE INDEX  "index_users_on_session_token" ON "users"  ("session_token")[0m
  ↳ db/migrate/20210406011703_create_users.rb:13
  [1m[36mActiveRecord::SchemaMigration Create (0.9ms)[0m  [1m[32mINSERT INTO "schema_migrations" ("version") VALUES ($1) RETURNING "version"[0m  [["version", "20210406011703"]]
  ↳ bin/rails:9
  [1m[35m (0.5ms)[0m  [1m[35mCOMMIT[0m
  ↳ bin/rails:9
  [1m[36mActiveRecord::InternalMetadata Load (3.9ms)[0m  [1m[34mSELECT  "ar_internal_metadata".* FROM "ar_internal_metadata" WHERE "ar_internal_metadata"."key" = $1 LIMIT $2[0m  [["key", "environment"], ["LIMIT", 1]]
  ↳ bin/rails:9
  [1m[35m (0.1ms)[0m  [1m[35mBEGIN[0m
  ↳ bin/rails:9
  [1m[36mActiveRecord::InternalMetadata Create (1.0ms)[0m  [1m[32mINSERT INTO "ar_internal_metadata" ("key", "value", "created_at", "updated_at") VALUES ($1, $2, $3, $4) RETURNING "key"[0m  [["key", "environment"], ["value", "development"], ["created_at", "2021-04-06 01:39:31.192983"], ["updated_at", "2021-04-06 01:39:31.192983"]]
  ↳ bin/rails:9
  [1m[35m (0.7ms)[0m  [1m[35mCOMMIT[0m
  ↳ bin/rails:9
  [1m[35m (0.2ms)[0m  [1m[34mSELECT pg_advisory_unlock(5226883760960717625)[0m
  ↳ bin/rails:9
  [1m[35m (0.2ms)[0m  [1m[34mSELECT "schema_migrations"."version" FROM "schema_migrations" ORDER BY "schema_migrations"."version" ASC[0m
  ↳ bin/rails:9
  [1m[35m (4.6ms)[0m  [1m[34mSELECT "schema_migrations"."version" FROM "schema_migrations" ORDER BY "schema_migrations"."version" ASC[0m
  ↳ bin/rails:9
Started GET "/" for ::1 at 2021-04-05 18:47:42 -0700
  [1m[35m (9.2ms)[0m  [1m[34mSELECT "schema_migrations"."version" FROM "schema_migrations" ORDER BY "schema_migrations"."version" ASC[0m
  ↳ /home/satomi/.rbenv/versions/2.5.1/lib/ruby/gems/2.5.0/gems/activerecord-5.2.5/lib/active_record/log_subscriber.rb:98
Processing by StaticPagesController#root as HTML
  Rendering static_pages/root.html.erb within layouts/application
  Rendered static_pages/root.html.erb within layouts/application (1.1ms)
Completed 200 OK in 1498ms (Views: 1496.9ms | ActiveRecord: 0.0ms)


Started GET "/" for ::1 at 2021-04-05 18:49:15 -0700
Processing by StaticPagesController#root as HTML
  Rendering static_pages/root.html.erb within layouts/application
  Rendered static_pages/root.html.erb within layouts/application (0.3ms)
Completed 200 OK in 302ms (Views: 301.8ms | ActiveRecord: 0.0ms)


  [1m[35m (0.5ms)[0m  [1m[34mSELECT "schema_migrations"."version" FROM "schema_migrations" ORDER BY "schema_migrations"."version" ASC[0m
  ↳ /home/satomi/.rbenv/versions/2.5.1/bin/annotate:23
Started POST "/" for ::1 at 2021-04-05 20:04:10 -0700
  
ActionController::RoutingError (No route matches [POST] "/"):
  
actionpack (5.2.5) lib/action_dispatch/middleware/debug_exceptions.rb:65:in `call'
web-console (3.7.0) lib/web_console/middleware.rb:135:in `call_app'
web-console (3.7.0) lib/web_console/middleware.rb:30:in `block in call'
web-console (3.7.0) lib/web_console/middleware.rb:20:in `catch'
web-console (3.7.0) lib/web_console/middleware.rb:20:in `call'
actionpack (5.2.5) lib/action_dispatch/middleware/show_exceptions.rb:33:in `call'
railties (5.2.5) lib/rails/rack/logger.rb:38:in `call_app'
railties (5.2.5) lib/rails/rack/logger.rb:26:in `block in call'
activesupport (5.2.5) lib/active_support/tagged_logging.rb:71:in `block in tagged'
activesupport (5.2.5) lib/active_support/tagged_logging.rb:28:in `tagged'
activesupport (5.2.5) lib/active_support/tagged_logging.rb:71:in `tagged'
railties (5.2.5) lib/rails/rack/logger.rb:26:in `call'
sprockets-rails (3.2.2) lib/sprockets/rails/quiet_assets.rb:13:in `call'
actionpack (5.2.5) lib/action_dispatch/middleware/remote_ip.rb:81:in `call'
actionpack (5.2.5) lib/action_dispatch/middleware/request_id.rb:27:in `call'
rack (2.2.3) lib/rack/method_override.rb:24:in `call'
rack (2.2.3) lib/rack/runtime.rb:22:in `call'
activesupport (5.2.5) lib/active_support/cache/strategy/local_cache_middleware.rb:29:in `call'
actionpack (5.2.5) lib/action_dispatch/middleware/executor.rb:14:in `call'
actionpack (5.2.5) lib/action_dispatch/middleware/static.rb:127:in `call'
rack (2.2.3) lib/rack/sendfile.rb:110:in `call'
railties (5.2.5) lib/rails/engine.rb:524:in `call'
puma (3.12.6) lib/puma/configuration.rb:227:in `call'
puma (3.12.6) lib/puma/server.rb:706:in `handle_request'
puma (3.12.6) lib/puma/server.rb:476:in `process_client'
puma (3.12.6) lib/puma/server.rb:334:in `block in run'
puma (3.12.6) lib/puma/thread_pool.rb:135:in `block in spawn_thread'
Started POST "/api/user?user[id]=1&user[password]=[FILTERED]&user[email]=1&user[birthday]=1&user[username]=1" for ::1 at 2021-04-05 20:24:58 -0700
Processing by Api::UsersController#create as JSON
  Parameters: {"user"=>{"id"=>"1", "password"=>"[FILTERED]", "email"=>"1", "birthday"=>"1", "username"=>"1"}}
Can't verify CSRF token authenticity.
Completed 422 Unprocessable Entity in 1ms (ActiveRecord: 0.0ms)



ActionController::InvalidAuthenticityToken - ActionController::InvalidAuthenticityToken:

Started POST "/api/user?user[id]=1&user[password]=[FILTERED]&user[email]=1&user[birthday]=1&user[username]=1" for ::1 at 2021-04-05 20:26:26 -0700
Processing by Api::UsersController#create as JSON
  Parameters: {"user"=>{"id"=>"1", "password"=>"[FILTERED]", "email"=>"1", "birthday"=>"1", "username"=>"1"}}
Unpermitted parameter: :id
  [1m[35m (3.1ms)[0m  [1m[35mBEGIN[0m
  ↳ app/controllers/api/users_controller.rb:5
  [1m[36mUser Exists (22.8ms)[0m  [1m[34mSELECT  1 AS one FROM "users" WHERE "users"."username" = $1 LIMIT $2[0m  [["username", "1"], ["LIMIT", 1]]
  ↳ app/controllers/api/users_controller.rb:5
  [1m[36mUser Exists (0.4ms)[0m  [1m[34mSELECT  1 AS one FROM "users" WHERE "users"."email" = $1 LIMIT $2[0m  [["email", "1"], ["LIMIT", 1]]
  ↳ app/controllers/api/users_controller.rb:5
  [1m[36mUser Exists (0.5ms)[0m  [1m[34mSELECT  1 AS one FROM "users" WHERE "users"."session_token" = $1 LIMIT $2[0m  [["session_token", "W+A4dMWsoiWCjr9eHMMDAw=="], ["LIMIT", 1]]
  ↳ app/controllers/api/users_controller.rb:5
  [1m[36mUser Create (6.7ms)[0m  [1m[32mINSERT INTO "users" ("username", "email", "password_digest", "session_token", "created_at", "updated_at") VALUES ($1, $2, $3, $4, $5, $6) RETURNING "id"[0m  [["username", "1"], ["email", "1"], ["password_digest", "$2a$12$9zQhewwOtR92WsGydg82R.CIOTw336Xn6/ZHFSzimDT7FSYHGuPGi"], ["session_token", "W+A4dMWsoiWCjr9eHMMDAw=="], ["created_at", "2021-04-06 03:26:26.713137"], ["updated_at", "2021-04-06 03:26:26.713137"]]
  ↳ app/controllers/api/users_controller.rb:5
  [1m[35m (0.6ms)[0m  [1m[31mROLLBACK[0m
  ↳ app/controllers/api/users_controller.rb:5
Completed 500 Internal Server Error in 514ms (ActiveRecord: 93.3ms)



ActiveRecord::NotNullViolation - PG::NotNullViolation: ERROR:  null value in column "birthday" violates not-null constraint
DETAIL:  Failing row contains (1, 1, 1, null, $2a$12$9zQhewwOtR92WsGydg82R.CIOTw336Xn6/ZHFSzimDT7FSYHGuPGi, W+A4dMWsoiWCjr9eHMMDAw==, 2021-04-06 03:26:26.713137, 2021-04-06 03:26:26.713137).
: INSERT INTO "users" ("username", "email", "password_digest", "session_token", "created_at", "updated_at") VALUES ($1, $2, $3, $4, $5, $6) RETURNING "id":
  app/controllers/api/users_controller.rb:5:in `create'

Started POST "/api/user?user[id]=1&user[password]=[FILTERED]&user[email]=1&user[birthday]=2020/02/02&user[username]=1" for ::1 at 2021-04-05 20:27:06 -0700
Processing by Api::UsersController#create as JSON
  Parameters: {"user"=>{"id"=>"1", "password"=>"[FILTERED]", "email"=>"1", "birthday"=>"2020/02/02", "username"=>"1"}}
Unpermitted parameter: :id
  [1m[35m (0.2ms)[0m  [1m[35mBEGIN[0m
  ↳ app/controllers/api/users_controller.rb:5
  [1m[36mUser Exists (0.3ms)[0m  [1m[34mSELECT  1 AS one FROM "users" WHERE "users"."username" = $1 LIMIT $2[0m  [["username", "1"], ["LIMIT", 1]]
  ↳ app/controllers/api/users_controller.rb:5
  [1m[36mUser Exists (0.3ms)[0m  [1m[34mSELECT  1 AS one FROM "users" WHERE "users"."email" = $1 LIMIT $2[0m  [["email", "1"], ["LIMIT", 1]]
  ↳ app/controllers/api/users_controller.rb:5
  [1m[36mUser Exists (0.3ms)[0m  [1m[34mSELECT  1 AS one FROM "users" WHERE "users"."session_token" = $1 LIMIT $2[0m  [["session_token", "C0/c7eXzUHQDddPCelbFAA=="], ["LIMIT", 1]]
  ↳ app/controllers/api/users_controller.rb:5
  [1m[36mUser Create (2.3ms)[0m  [1m[32mINSERT INTO "users" ("username", "email", "birthday", "password_digest", "session_token", "created_at", "updated_at") VALUES ($1, $2, $3, $4, $5, $6, $7) RETURNING "id"[0m  [["username", "1"], ["email", "1"], ["birthday", "2020-02-02"], ["password_digest", "$2a$12$LHeK4QjzwJnVF9Nozh5Pc.q4/e9VWvlK4HZ6F4st3qYAZyiusWcOq"], ["session_token", "C0/c7eXzUHQDddPCelbFAA=="], ["created_at", "2021-04-06 03:27:07.010478"], ["updated_at", "2021-04-06 03:27:07.010478"]]
  ↳ app/controllers/api/users_controller.rb:5
  [1m[35m (8.6ms)[0m  [1m[35mCOMMIT[0m
  ↳ app/controllers/api/users_controller.rb:5
  [1m[35m (0.2ms)[0m  [1m[35mBEGIN[0m
  ↳ app/models/user.rb:48
  [1m[36mUser Exists (0.4ms)[0m  [1m[34mSELECT  1 AS one FROM "users" WHERE "users"."username" = $1 AND "users"."id" != $2 LIMIT $3[0m  [["username", "1"], ["id", 2], ["LIMIT", 1]]
  ↳ app/models/user.rb:48
  [1m[36mUser Exists (0.3ms)[0m  [1m[34mSELECT  1 AS one FROM "users" WHERE "users"."email" = $1 AND "users"."id" != $2 LIMIT $3[0m  [["email", "1"], ["id", 2], ["LIMIT", 1]]
  ↳ app/models/user.rb:48
  [1m[36mUser Exists (0.4ms)[0m  [1m[34mSELECT  1 AS one FROM "users" WHERE "users"."session_token" = $1 AND "users"."id" != $2 LIMIT $3[0m  [["session_token", "xLp51iurhJP52CyvKKmn7g=="], ["id", 2], ["LIMIT", 1]]
  ↳ app/models/user.rb:48
  [1m[36mUser Update (1.8ms)[0m  [1m[33mUPDATE "users" SET "session_token" = $1, "updated_at" = $2 WHERE "users"."id" = $3[0m  [["session_token", "xLp51iurhJP52CyvKKmn7g=="], ["updated_at", "2021-04-06 03:27:07.028747"], ["id", 2]]
  ↳ app/models/user.rb:48
  [1m[35m (1.0ms)[0m  [1m[35mCOMMIT[0m
  ↳ app/models/user.rb:48
  Rendering api/users/show.json.jbuilder
  Rendered api/users/_user.json.jbuilder (0.3ms)
  Rendered api/users/show.json.jbuilder (1.8ms)
Completed 200 OK in 297ms (Views: 4.1ms | ActiveRecord: 16.0ms)


Started POST "/api/user?user[id]=2&user[password]=[FILTERED]&user[email]=2&user[birthday]=01/01/2020&user[username]=2" for ::1 at 2021-04-05 20:27:42 -0700
Processing by Api::UsersController#create as JSON
  Parameters: {"user"=>{"id"=>"2", "password"=>"[FILTERED]", "email"=>"2", "birthday"=>"01/01/2020", "username"=>"2"}}
Unpermitted parameter: :id
  [1m[35m (0.2ms)[0m  [1m[35mBEGIN[0m
  ↳ app/controllers/api/users_controller.rb:5
  [1m[36mUser Exists (0.3ms)[0m  [1m[34mSELECT  1 AS one FROM "users" WHERE "users"."username" = $1 LIMIT $2[0m  [["username", "2"], ["LIMIT", 1]]
  ↳ app/controllers/api/users_controller.rb:5
  [1m[36mUser Exists (0.3ms)[0m  [1m[34mSELECT  1 AS one FROM "users" WHERE "users"."email" = $1 LIMIT $2[0m  [["email", "2"], ["LIMIT", 1]]
  ↳ app/controllers/api/users_controller.rb:5
  [1m[36mUser Exists (0.3ms)[0m  [1m[34mSELECT  1 AS one FROM "users" WHERE "users"."session_token" = $1 LIMIT $2[0m  [["session_token", "GJmw3L+HnJJ90iaPdx6Z7g=="], ["LIMIT", 1]]
  ↳ app/controllers/api/users_controller.rb:5
  [1m[36mUser Create (0.4ms)[0m  [1m[32mINSERT INTO "users" ("username", "email", "birthday", "password_digest", "session_token", "created_at", "updated_at") VALUES ($1, $2, $3, $4, $5, $6, $7) RETURNING "id"[0m  [["username", "2"], ["email", "2"], ["birthday", "2020-01-01"], ["password_digest", "$2a$12$1PqSvBy82bOw34NdjvrkneImCWm.J5Wd1VoI/M8d3M.LHRqytQvXa"], ["session_token", "GJmw3L+HnJJ90iaPdx6Z7g=="], ["created_at", "2021-04-06 03:27:43.125714"], ["updated_at", "2021-04-06 03:27:43.125714"]]
  ↳ app/controllers/api/users_controller.rb:5
  [1m[35m (3.2ms)[0m  [1m[35mCOMMIT[0m
  ↳ app/controllers/api/users_controller.rb:5
  [1m[35m (0.2ms)[0m  [1m[35mBEGIN[0m
  ↳ app/models/user.rb:48
  [1m[36mUser Exists (0.4ms)[0m  [1m[34mSELECT  1 AS one FROM "users" WHERE "users"."username" = $1 AND "users"."id" != $2 LIMIT $3[0m  [["username", "2"], ["id", 3], ["LIMIT", 1]]
  ↳ app/models/user.rb:48
  [1m[36mUser Exists (0.4ms)[0m  [1m[34mSELECT  1 AS one FROM "users" WHERE "users"."email" = $1 AND "users"."id" != $2 LIMIT $3[0m  [["email", "2"], ["id", 3], ["LIMIT", 1]]
  ↳ app/models/user.rb:48
  [1m[36mUser Exists (0.4ms)[0m  [1m[34mSELECT  1 AS one FROM "users" WHERE "users"."session_token" = $1 AND "users"."id" != $2 LIMIT $3[0m  [["session_token", "wSHDssipIQ0PfohelXzjBw=="], ["id", 3], ["LIMIT", 1]]
  ↳ app/models/user.rb:48
  [1m[36mUser Update (0.4ms)[0m  [1m[33mUPDATE "users" SET "session_token" = $1, "updated_at" = $2 WHERE "users"."id" = $3[0m  [["session_token", "wSHDssipIQ0PfohelXzjBw=="], ["updated_at", "2021-04-06 03:27:43.135521"], ["id", 3]]
  ↳ app/models/user.rb:48
  [1m[35m (0.9ms)[0m  [1m[35mCOMMIT[0m
  ↳ app/models/user.rb:48
  Rendering api/users/show.json.jbuilder
  Rendered api/users/_user.json.jbuilder (0.3ms)
  Rendered api/users/show.json.jbuilder (1.2ms)
Completed 200 OK in 427ms (Views: 3.2ms | ActiveRecord: 7.3ms)


Started POST "/api/session" for ::1 at 2021-04-05 20:31:03 -0700
Processing by Api::SessionsController#create as JSON
  Parameters: {"user"=>{"username"=>"1", "password"=>"[FILTERED]"}}
  [1m[36mUser Load (0.5ms)[0m  [1m[34mSELECT  "users".* FROM "users" WHERE "users"."username" = $1 LIMIT $2[0m  [["username", "1"], ["LIMIT", 1]]
  ↳ app/models/user.rb:29
Completed 500 Internal Server Error in 36ms (ActiveRecord: 5.2ms)



NoMethodError - undefined method `is_password?' for #<User:0x00007f8345f5eea0>
Did you mean?  is_passsword?:
  app/models/user.rb:30:in `find_by_credentials'
  app/controllers/api/sessions_controller.rb:3:in `create'

Started POST "/api/session" for ::1 at 2021-04-05 20:32:12 -0700
Processing by Api::SessionsController#create as JSON
  Parameters: {"user"=>{"username"=>"1", "password"=>"[FILTERED]"}}
  [1m[36mUser Load (0.7ms)[0m  [1m[34mSELECT  "users".* FROM "users" WHERE "users"."username" = $1 LIMIT $2[0m  [["username", "1"], ["LIMIT", 1]]
  ↳ app/models/user.rb:29
  [1m[35m (0.2ms)[0m  [1m[35mBEGIN[0m
  ↳ app/models/user.rb:48
  [1m[36mUser Exists (0.3ms)[0m  [1m[34mSELECT  1 AS one FROM "users" WHERE "users"."username" = $1 AND "users"."id" != $2 LIMIT $3[0m  [["username", "1"], ["id", 2], ["LIMIT", 1]]
  ↳ app/models/user.rb:48
  [1m[36mUser Exists (0.3ms)[0m  [1m[34mSELECT  1 AS one FROM "users" WHERE "users"."email" = $1 AND "users"."id" != $2 LIMIT $3[0m  [["email", "1"], ["id", 2], ["LIMIT", 1]]
  ↳ app/models/user.rb:48
  [1m[36mUser Exists (0.4ms)[0m  [1m[34mSELECT  1 AS one FROM "users" WHERE "users"."session_token" = $1 AND "users"."id" != $2 LIMIT $3[0m  [["session_token", "6U2itS3SLMq//Rz7ijH2sQ=="], ["id", 2], ["LIMIT", 1]]
  ↳ app/models/user.rb:48
  [1m[36mUser Update (0.4ms)[0m  [1m[33mUPDATE "users" SET "session_token" = $1, "updated_at" = $2 WHERE "users"."id" = $3[0m  [["session_token", "6U2itS3SLMq//Rz7ijH2sQ=="], ["updated_at", "2021-04-06 03:32:13.246398"], ["id", 2]]
  ↳ app/models/user.rb:48
  [1m[35m (4.0ms)[0m  [1m[35mCOMMIT[0m
  ↳ app/models/user.rb:48
  Rendering api/users/show.json.jbuilder
  Rendered api/users/_user.json.jbuilder (0.3ms)
  Rendered api/users/show.json.jbuilder (1.2ms)
Completed 200 OK in 434ms (Views: 3.3ms | ActiveRecord: 14.1ms)


Started DELETE "/api/session" for ::1 at 2021-04-05 20:32:53 -0700
Processing by Api::SessionsController#destroy as JSON
  Parameters: {"user"=>{"username"=>"1", "password"=>"[FILTERED]"}}
  [1m[36mUser Load (0.9ms)[0m  [1m[34mSELECT  "users".* FROM "users" WHERE "users"."session_token" = $1 LIMIT $2[0m  [["session_token", "6U2itS3SLMq//Rz7ijH2sQ=="], ["LIMIT", 1]]
  ↳ app/controllers/application_controller.rb:7
  [1m[35m (0.4ms)[0m  [1m[35mBEGIN[0m
  ↳ app/models/user.rb:48
  [1m[36mUser Exists (1.3ms)[0m  [1m[34mSELECT  1 AS one FROM "users" WHERE "users"."username" = $1 AND "users"."id" != $2 LIMIT $3[0m  [["username", "1"], ["id", 2], ["LIMIT", 1]]
  ↳ app/models/user.rb:48
  [1m[36mUser Exists (0.9ms)[0m  [1m[34mSELECT  1 AS one FROM "users" WHERE "users"."email" = $1 AND "users"."id" != $2 LIMIT $3[0m  [["email", "1"], ["id", 2], ["LIMIT", 1]]
  ↳ app/models/user.rb:48
  [1m[36mUser Exists (1.0ms)[0m  [1m[34mSELECT  1 AS one FROM "users" WHERE "users"."session_token" = $1 AND "users"."id" != $2 LIMIT $3[0m  [["session_token", "+8rNnQD1GVfpnI012ehFWg=="], ["id", 2], ["LIMIT", 1]]
  ↳ app/models/user.rb:48
  [1m[36mUser Update (1.0ms)[0m  [1m[33mUPDATE "users" SET "session_token" = $1, "updated_at" = $2 WHERE "users"."id" = $3[0m  [["session_token", "+8rNnQD1GVfpnI012ehFWg=="], ["updated_at", "2021-04-06 03:32:53.135248"], ["id", 2]]
  ↳ app/models/user.rb:48
  [1m[35m (9.6ms)[0m  [1m[35mCOMMIT[0m
  ↳ app/models/user.rb:48
  Rendering api/users/show.json.jbuilder
  Rendered api/users/_user.json.jbuilder (1.1ms)
  Rendered api/users/show.json.jbuilder (4.8ms)
Completed 200 OK in 49ms (Views: 12.0ms | ActiveRecord: 15.1ms)


Started DELETE "/api/session" for ::1 at 2021-04-05 20:32:57 -0700
Processing by Api::SessionsController#destroy as JSON
  Parameters: {"user"=>{"username"=>"1", "password"=>"[FILTERED]"}}
  [1m[36mUser Load (0.3ms)[0m  [1m[34mSELECT  "users".* FROM "users" WHERE "users"."session_token" IS NULL LIMIT $1[0m  [["LIMIT", 1]]
  ↳ app/controllers/application_controller.rb:7
Completed 404 Not Found in 2ms (Views: 0.3ms | ActiveRecord: 0.3ms)


Started GET "/" for ::1 at 2021-04-06 09:51:38 -0700
  [1m[35m (40.9ms)[0m  [1m[34mSELECT "schema_migrations"."version" FROM "schema_migrations" ORDER BY "schema_migrations"."version" ASC[0m
  ↳ /home/satomi/.rbenv/versions/2.5.1/lib/ruby/gems/2.5.0/gems/activerecord-5.2.5/lib/active_record/log_subscriber.rb:98
Processing by StaticPagesController#root as HTML
  Rendering static_pages/root.html.erb within layouts/application
  Rendered static_pages/root.html.erb within layouts/application (23.2ms)
Completed 200 OK in 2237ms (Views: 2234.6ms | ActiveRecord: 0.0ms)


Started GET "/" for ::1 at 2021-04-06 09:53:11 -0700
Processing by StaticPagesController#root as HTML
  Rendering static_pages/root.html.erb within layouts/application
  Rendered static_pages/root.html.erb within layouts/application (0.8ms)
Completed 200 OK in 557ms (Views: 554.0ms | ActiveRecord: 0.0ms)


Started POST "/api/session" for ::1 at 2021-04-06 09:54:37 -0700
Processing by Api::SessionsController#create as JSON
  Parameters: {"username"=>"pp", "email"=>"oo", "birthday"=>"505", "password"=>"[FILTERED]"}
Completed 500 Internal Server Error in 54ms (ActiveRecord: 0.0ms)



NoMethodError - undefined method `[]' for nil:NilClass:
  app/controllers/api/sessions_controller.rb:3:in `create'

Started GET "/" for ::1 at 2021-04-06 14:31:18 -0700

PG::ConnectionBad - could not connect to server: No such file or directory
	Is the server running locally and accepting
	connections on Unix domain socket "/var/run/postgresql/.s.PGSQL.5432"?:

Started POST "/__better_errors/f7c583a445427467/variables" for ::1 at 2021-04-06 14:31:19 -0700
Started GET "/" for ::1 at 2021-04-06 14:31:57 -0700

PG::ConnectionBad - could not connect to server: No such file or directory
	Is the server running locally and accepting
	connections on Unix domain socket "/var/run/postgresql/.s.PGSQL.5432"?:

Started POST "/__better_errors/738df00d68142967/variables" for ::1 at 2021-04-06 14:31:57 -0700
Started GET "/" for ::1 at 2021-04-06 14:32:02 -0700

PG::ConnectionBad - could not connect to server: No such file or directory
	Is the server running locally and accepting
	connections on Unix domain socket "/var/run/postgresql/.s.PGSQL.5432"?:

Started POST "/__better_errors/a6cc23a20c652922/variables" for ::1 at 2021-04-06 14:32:02 -0700
Started GET "/" for ::1 at 2021-04-06 14:33:10 -0700

PG::ConnectionBad - could not connect to server: No such file or directory
	Is the server running locally and accepting
	connections on Unix domain socket "/var/run/postgresql/.s.PGSQL.5432"?:

Started POST "/__better_errors/02d5d9d395ab9ba4/variables" for ::1 at 2021-04-06 14:33:10 -0700
Started GET "/" for ::1 at 2021-04-06 14:34:13 -0700

PG::ConnectionBad - could not connect to server: No such file or directory
	Is the server running locally and accepting
	connections on Unix domain socket "/var/run/postgresql/.s.PGSQL.5432"?:

Started POST "/__better_errors/64e4f353553b1a67/variables" for ::1 at 2021-04-06 14:34:14 -0700
Started GET "/" for ::1 at 2021-04-06 14:40:08 -0700
  [1m[35m (0.9ms)[0m  [1m[34mSELECT "schema_migrations"."version" FROM "schema_migrations" ORDER BY "schema_migrations"."version" ASC[0m
  ↳ /home/satomi/.rbenv/versions/2.5.1/lib/ruby/gems/2.5.0/gems/activerecord-5.2.5/lib/active_record/log_subscriber.rb:98
Processing by StaticPagesController#root as HTML
  Rendering static_pages/root.html.erb within layouts/application
  Rendered static_pages/root.html.erb within layouts/application (8.7ms)
Completed 200 OK in 1964ms (Views: 1962.6ms | ActiveRecord: 0.0ms)


Started GET "/" for ::1 at 2021-04-06 14:40:35 -0700
Processing by StaticPagesController#root as HTML
  Rendering static_pages/root.html.erb within layouts/application
  Rendered static_pages/root.html.erb within layouts/application (0.5ms)
Completed 200 OK in 51ms (Views: 49.8ms | ActiveRecord: 0.0ms)


Started GET "/" for ::1 at 2021-04-06 14:41:23 -0700
Processing by StaticPagesController#root as HTML
  Rendering static_pages/root.html.erb within layouts/application
  Rendered static_pages/root.html.erb within layouts/application (0.5ms)
Completed 200 OK in 40ms (Views: 39.3ms | ActiveRecord: 0.0ms)


Started GET "/" for ::1 at 2021-04-06 14:41:54 -0700
Processing by StaticPagesController#root as HTML
  Rendering static_pages/root.html.erb within layouts/application
  Rendered static_pages/root.html.erb within layouts/application (0.6ms)
Completed 200 OK in 52ms (Views: 51.0ms | ActiveRecord: 0.0ms)


Started GET "/" for ::1 at 2021-04-06 14:44:49 -0700
Processing by StaticPagesController#root as HTML
  Rendering static_pages/root.html.erb within layouts/application
  Rendered static_pages/root.html.erb within layouts/application (1.1ms)
Completed 200 OK in 95ms (Views: 92.1ms | ActiveRecord: 0.0ms)


Started GET "/" for ::1 at 2021-04-06 14:47:43 -0700
Processing by StaticPagesController#root as HTML
  Rendering static_pages/root.html.erb within layouts/application
  Rendered static_pages/root.html.erb within layouts/application (1.1ms)
Completed 200 OK in 101ms (Views: 97.1ms | ActiveRecord: 0.0ms)


Started GET "/" for ::1 at 2021-04-06 14:47:55 -0700
Processing by StaticPagesController#root as HTML
  Rendering static_pages/root.html.erb within layouts/application
  Rendered static_pages/root.html.erb within layouts/application (0.8ms)
Completed 200 OK in 94ms (Views: 90.8ms | ActiveRecord: 0.0ms)


Started GET "/" for ::1 at 2021-04-06 14:48:29 -0700
Processing by StaticPagesController#root as HTML
  Rendering static_pages/root.html.erb within layouts/application
  Rendered static_pages/root.html.erb within layouts/application (1.3ms)
Completed 200 OK in 109ms (Views: 104.6ms | ActiveRecord: 0.0ms)


Started GET "/" for ::1 at 2021-04-06 14:48:31 -0700
Processing by StaticPagesController#root as HTML
  Rendering static_pages/root.html.erb within layouts/application
  Rendered static_pages/root.html.erb within layouts/application (0.8ms)
Completed 200 OK in 92ms (Views: 89.0ms | ActiveRecord: 0.0ms)


Started GET "/" for ::1 at 2021-04-06 14:48:52 -0700
Processing by StaticPagesController#root as HTML
  Rendering static_pages/root.html.erb within layouts/application
  Rendered static_pages/root.html.erb within layouts/application (0.4ms)
Completed 200 OK in 42ms (Views: 41.4ms | ActiveRecord: 0.0ms)


Started GET "/" for ::1 at 2021-04-06 14:49:09 -0700
Processing by StaticPagesController#root as HTML
  Rendering static_pages/root.html.erb within layouts/application
  Rendered static_pages/root.html.erb within layouts/application (0.8ms)
Completed 200 OK in 91ms (Views: 87.1ms | ActiveRecord: 0.0ms)


Started GET "/" for ::1 at 2021-04-06 14:49:21 -0700
Processing by StaticPagesController#root as HTML
  Rendering static_pages/root.html.erb within layouts/application
  Rendered static_pages/root.html.erb within layouts/application (1.0ms)
Completed 200 OK in 105ms (Views: 101.4ms | ActiveRecord: 0.0ms)


Started GET "/" for ::1 at 2021-04-06 14:49:33 -0700
Processing by StaticPagesController#root as HTML
  Rendering static_pages/root.html.erb within layouts/application
  Rendered static_pages/root.html.erb within layouts/application (1.0ms)
Completed 200 OK in 97ms (Views: 94.0ms | ActiveRecord: 0.0ms)


Started GET "/" for ::1 at 2021-04-06 14:49:44 -0700
Processing by StaticPagesController#root as HTML
  Rendering static_pages/root.html.erb within layouts/application
  Rendered static_pages/root.html.erb within layouts/application (0.8ms)
Completed 200 OK in 90ms (Views: 86.5ms | ActiveRecord: 0.0ms)


Started GET "/" for ::1 at 2021-04-06 14:49:45 -0700
Processing by StaticPagesController#root as HTML
  Rendering static_pages/root.html.erb within layouts/application
  Rendered static_pages/root.html.erb within layouts/application (0.7ms)
Completed 200 OK in 102ms (Views: 98.3ms | ActiveRecord: 0.0ms)


Started GET "/" for ::1 at 2021-04-06 14:49:46 -0700
Processing by StaticPagesController#root as HTML
  Rendering static_pages/root.html.erb within layouts/application
  Rendered static_pages/root.html.erb within layouts/application (0.9ms)
Completed 200 OK in 105ms (Views: 102.3ms | ActiveRecord: 0.0ms)


Started GET "/" for ::1 at 2021-04-06 14:49:56 -0700
Processing by StaticPagesController#root as HTML
  Rendering static_pages/root.html.erb within layouts/application
  Rendered static_pages/root.html.erb within layouts/application (0.7ms)
Completed 200 OK in 93ms (Views: 90.0ms | ActiveRecord: 0.0ms)


Started GET "/" for ::1 at 2021-04-06 14:49:58 -0700
Processing by StaticPagesController#root as HTML
  Rendering static_pages/root.html.erb within layouts/application
  Rendered static_pages/root.html.erb within layouts/application (0.7ms)
Completed 200 OK in 107ms (Views: 103.5ms | ActiveRecord: 0.0ms)


Started GET "/" for ::1 at 2021-04-06 14:49:59 -0700
Processing by StaticPagesController#root as HTML
  Rendering static_pages/root.html.erb within layouts/application
  Rendered static_pages/root.html.erb within layouts/application (1.0ms)
Completed 200 OK in 89ms (Views: 86.0ms | ActiveRecord: 0.0ms)


Started GET "/" for ::1 at 2021-04-06 14:50:15 -0700
Processing by StaticPagesController#root as HTML
  Rendering static_pages/root.html.erb within layouts/application
  Rendered static_pages/root.html.erb within layouts/application (0.9ms)
Completed 200 OK in 507ms (Views: 504.2ms | ActiveRecord: 0.0ms)


Started GET "/" for ::1 at 2021-04-06 14:50:31 -0700
Processing by StaticPagesController#root as HTML
  Rendering static_pages/root.html.erb within layouts/application
  Rendered static_pages/root.html.erb within layouts/application (1.0ms)
Completed 200 OK in 553ms (Views: 550.1ms | ActiveRecord: 0.0ms)


Started GET "/" for ::1 at 2021-04-06 14:52:43 -0700
Processing by StaticPagesController#root as HTML
  Rendering static_pages/root.html.erb within layouts/application
  Rendered static_pages/root.html.erb within layouts/application (1.2ms)
Completed 200 OK in 512ms (Views: 508.9ms | ActiveRecord: 0.0ms)


Started POST "/api/session" for ::1 at 2021-04-06 14:52:47 -0700
Processing by Api::SessionsController#create as JSON
  Parameters: {"user"=>{"id"=>"1", "username"=>"1", "password"=>"[FILTERED]", "email"=>"1", "birthday"=>"20200101"}}
  [1m[36mUser Load (2.2ms)[0m  [1m[34mSELECT  "users".* FROM "users" WHERE "users"."username" = $1 LIMIT $2[0m  [["username", "1"], ["LIMIT", 1]]
  ↳ app/models/user.rb:29
  [1m[35m (0.2ms)[0m  [1m[35mBEGIN[0m
  ↳ app/models/user.rb:48
  [1m[36mUser Exists (0.5ms)[0m  [1m[34mSELECT  1 AS one FROM "users" WHERE "users"."username" = $1 AND "users"."id" != $2 LIMIT $3[0m  [["username", "1"], ["id", 2], ["LIMIT", 1]]
  ↳ app/models/user.rb:48
  [1m[36mUser Exists (0.4ms)[0m  [1m[34mSELECT  1 AS one FROM "users" WHERE "users"."email" = $1 AND "users"."id" != $2 LIMIT $3[0m  [["email", "1"], ["id", 2], ["LIMIT", 1]]
  ↳ app/models/user.rb:48
  [1m[36mUser Exists (0.5ms)[0m  [1m[34mSELECT  1 AS one FROM "users" WHERE "users"."session_token" = $1 AND "users"."id" != $2 LIMIT $3[0m  [["session_token", "2oaBnBpiEFPxpgA5hJJP7w=="], ["id", 2], ["LIMIT", 1]]
  ↳ app/models/user.rb:48
  [1m[36mUser Update (3.5ms)[0m  [1m[33mUPDATE "users" SET "session_token" = $1, "updated_at" = $2 WHERE "users"."id" = $3[0m  [["session_token", "2oaBnBpiEFPxpgA5hJJP7w=="], ["updated_at", "2021-04-06 21:52:48.385751"], ["id", 2]]
  ↳ app/models/user.rb:48
  [1m[35m (9.1ms)[0m  [1m[35mCOMMIT[0m
  ↳ app/models/user.rb:48
  Rendering api/users/show.json.jbuilder
  Rendered api/users/_user.json.jbuilder (0.4ms)
  Rendered api/users/show.json.jbuilder (8.7ms)
Completed 200 OK in 418ms (Views: 17.8ms | ActiveRecord: 25.5ms)


Started GET "/" for ::1 at 2021-04-06 14:57:19 -0700
Processing by StaticPagesController#root as HTML
  Rendering static_pages/root.html.erb within layouts/application
  Rendered static_pages/root.html.erb within layouts/application (1.8ms)
Completed 200 OK in 476ms (Views: 475.4ms | ActiveRecord: 0.0ms)


Started POST "/api/user" for ::1 at 2021-04-06 14:59:08 -0700
Processing by Api::UsersController#create as JSON
  Parameters: {"user"=>{"id"=>"1", "username"=>"1", "email"=>"1", "birthday"=>"20200202", "password"=>"[FILTERED]"}}
Unpermitted parameter: :id
  [1m[35m (0.2ms)[0m  [1m[35mBEGIN[0m
  ↳ app/controllers/api/users_controller.rb:5
  [1m[36mUser Exists (0.6ms)[0m  [1m[34mSELECT  1 AS one FROM "users" WHERE "users"."username" = $1 LIMIT $2[0m  [["username", "1"], ["LIMIT", 1]]
  ↳ app/controllers/api/users_controller.rb:5
  [1m[36mUser Exists (0.3ms)[0m  [1m[34mSELECT  1 AS one FROM "users" WHERE "users"."email" = $1 LIMIT $2[0m  [["email", "1"], ["LIMIT", 1]]
  ↳ app/controllers/api/users_controller.rb:5
  [1m[36mUser Exists (0.3ms)[0m  [1m[34mSELECT  1 AS one FROM "users" WHERE "users"."session_token" = $1 LIMIT $2[0m  [["session_token", "jstlfM7uAedcCCSDz/XgsQ=="], ["LIMIT", 1]]
  ↳ app/controllers/api/users_controller.rb:5
  [1m[35m (0.2ms)[0m  [1m[31mROLLBACK[0m
  ↳ app/controllers/api/users_controller.rb:5
Completed 422 Unprocessable Entity in 385ms (Views: 0.2ms | ActiveRecord: 1.7ms)


Started POST "/api/user" for ::1 at 2021-04-06 14:59:48 -0700
Processing by Api::UsersController#create as JSON
  Parameters: {"user"=>{"id"=>"99", "username"=>"99", "email"=>"99", "birthday"=>"20200202", "password"=>"[FILTERED]"}}
Unpermitted parameter: :id
  [1m[35m (0.2ms)[0m  [1m[35mBEGIN[0m
  ↳ app/controllers/api/users_controller.rb:5
  [1m[36mUser Exists (0.4ms)[0m  [1m[34mSELECT  1 AS one FROM "users" WHERE "users"."username" = $1 LIMIT $2[0m  [["username", "99"], ["LIMIT", 1]]
  ↳ app/controllers/api/users_controller.rb:5
  [1m[36mUser Exists (0.3ms)[0m  [1m[34mSELECT  1 AS one FROM "users" WHERE "users"."email" = $1 LIMIT $2[0m  [["email", "99"], ["LIMIT", 1]]
  ↳ app/controllers/api/users_controller.rb:5
  [1m[36mUser Exists (0.4ms)[0m  [1m[34mSELECT  1 AS one FROM "users" WHERE "users"."session_token" = $1 LIMIT $2[0m  [["session_token", "uTXMqrWk/u7suH9iQ4OLbQ=="], ["LIMIT", 1]]
  ↳ app/controllers/api/users_controller.rb:5
  [1m[36mUser Create (4.3ms)[0m  [1m[32mINSERT INTO "users" ("username", "email", "birthday", "password_digest", "session_token", "created_at", "updated_at") VALUES ($1, $2, $3, $4, $5, $6, $7) RETURNING "id"[0m  [["username", "99"], ["email", "99"], ["birthday", "2020-02-02"], ["password_digest", "$2a$12$eiRkxE31CNMdHawAbtxP/OZoD48glUrbRvSv1AQk4pfCjv1.3WDxm"], ["session_token", "uTXMqrWk/u7suH9iQ4OLbQ=="], ["created_at", "2021-04-06 21:59:49.244755"], ["updated_at", "2021-04-06 21:59:49.244755"]]
  ↳ app/controllers/api/users_controller.rb:5
  [1m[35m (1.2ms)[0m  [1m[35mCOMMIT[0m
  ↳ app/controllers/api/users_controller.rb:5
  [1m[35m (0.2ms)[0m  [1m[35mBEGIN[0m
  ↳ app/models/user.rb:48
  [1m[36mUser Exists (0.5ms)[0m  [1m[34mSELECT  1 AS one FROM "users" WHERE "users"."username" = $1 AND "users"."id" != $2 LIMIT $3[0m  [["username", "99"], ["id", 4], ["LIMIT", 1]]
  ↳ app/models/user.rb:48
  [1m[36mUser Exists (0.4ms)[0m  [1m[34mSELECT  1 AS one FROM "users" WHERE "users"."email" = $1 AND "users"."id" != $2 LIMIT $3[0m  [["email", "99"], ["id", 4], ["LIMIT", 1]]
  ↳ app/models/user.rb:48
  [1m[36mUser Exists (0.5ms)[0m  [1m[34mSELECT  1 AS one FROM "users" WHERE "users"."session_token" = $1 AND "users"."id" != $2 LIMIT $3[0m  [["session_token", "1ouAYJsGRH6YGX2spa9xfQ=="], ["id", 4], ["LIMIT", 1]]
  ↳ app/models/user.rb:48
  [1m[36mUser Update (0.5ms)[0m  [1m[33mUPDATE "users" SET "session_token" = $1, "updated_at" = $2 WHERE "users"."id" = $3[0m  [["session_token", "1ouAYJsGRH6YGX2spa9xfQ=="], ["updated_at", "2021-04-06 21:59:49.259178"], ["id", 4]]
  ↳ app/models/user.rb:48
  [1m[35m (1.0ms)[0m  [1m[35mCOMMIT[0m
  ↳ app/models/user.rb:48
  Rendering api/users/show.json.jbuilder
  Rendered api/users/_user.json.jbuilder (0.3ms)
  Rendered api/users/show.json.jbuilder (1.7ms)
Completed 200 OK in 349ms (Views: 4.7ms | ActiveRecord: 9.9ms)


Started POST "/api/session" for ::1 at 2021-04-06 15:00:56 -0700
Processing by Api::SessionsController#create as JSON
  Parameters: {"user"=>{"username"=>"99", "password"=>"[FILTERED]"}}
  [1m[36mUser Load (0.4ms)[0m  [1m[34mSELECT  "users".* FROM "users" WHERE "users"."username" = $1 LIMIT $2[0m  [["username", "99"], ["LIMIT", 1]]
  ↳ app/models/user.rb:29
  [1m[35m (0.2ms)[0m  [1m[35mBEGIN[0m
  ↳ app/models/user.rb:48
  [1m[36mUser Exists (0.4ms)[0m  [1m[34mSELECT  1 AS one FROM "users" WHERE "users"."username" = $1 AND "users"."id" != $2 LIMIT $3[0m  [["username", "99"], ["id", 4], ["LIMIT", 1]]
  ↳ app/models/user.rb:48
  [1m[36mUser Exists (0.3ms)[0m  [1m[34mSELECT  1 AS one FROM "users" WHERE "users"."email" = $1 AND "users"."id" != $2 LIMIT $3[0m  [["email", "99"], ["id", 4], ["LIMIT", 1]]
  ↳ app/models/user.rb:48
  [1m[36mUser Exists (0.3ms)[0m  [1m[34mSELECT  1 AS one FROM "users" WHERE "users"."session_token" = $1 AND "users"."id" != $2 LIMIT $3[0m  [["session_token", "24MsCVC10/oTZh7qw/pLPw=="], ["id", 4], ["LIMIT", 1]]
  ↳ app/models/user.rb:48
  [1m[36mUser Update (0.4ms)[0m  [1m[33mUPDATE "users" SET "session_token" = $1, "updated_at" = $2 WHERE "users"."id" = $3[0m  [["session_token", "24MsCVC10/oTZh7qw/pLPw=="], ["updated_at", "2021-04-06 22:00:56.890196"], ["id", 4]]
  ↳ app/models/user.rb:48
  [1m[35m (3.6ms)[0m  [1m[35mCOMMIT[0m
  ↳ app/models/user.rb:48
  Rendering api/users/show.json.jbuilder
  Rendered api/users/_user.json.jbuilder (0.3ms)
  Rendered api/users/show.json.jbuilder (1.5ms)
Completed 200 OK in 358ms (Views: 3.9ms | ActiveRecord: 5.5ms)


Started GET "/" for ::1 at 2021-04-06 15:04:38 -0700
Processing by StaticPagesController#root as HTML
  Rendering static_pages/root.html.erb within layouts/application
  Rendered static_pages/root.html.erb within layouts/application (1.0ms)
Completed 200 OK in 629ms (Views: 624.8ms | ActiveRecord: 0.0ms)


Started POST "/api/session" for ::1 at 2021-04-06 15:04:47 -0700
Processing by Api::SessionsController#create as JSON
  Parameters: {"user"=>{"username"=>{"username"=>"99", "password"=>"[FILTERED]"}}}
Completed 500 Internal Server Error in 2ms (ActiveRecord: 0.0ms)



ActiveRecord::StatementInvalid - can't cast ActionController::Parameters:
  app/models/user.rb:29:in `find_by_credentials'
  app/controllers/api/sessions_controller.rb:3:in `create'

Started GET "/" for ::1 at 2021-04-06 15:05:27 -0700
Processing by StaticPagesController#root as HTML
  Rendering static_pages/root.html.erb within layouts/application
  Rendered static_pages/root.html.erb within layouts/application (1.0ms)
Completed 200 OK in 118ms (Views: 114.7ms | ActiveRecord: 0.0ms)


Started POST "/api/users" for ::1 at 2021-04-06 15:05:58 -0700
  
ActionController::RoutingError (No route matches [POST] "/api/users"):
  
actionpack (5.2.5) lib/action_dispatch/middleware/debug_exceptions.rb:65:in `call'
web-console (3.7.0) lib/web_console/middleware.rb:135:in `call_app'
web-console (3.7.0) lib/web_console/middleware.rb:30:in `block in call'
web-console (3.7.0) lib/web_console/middleware.rb:20:in `catch'
web-console (3.7.0) lib/web_console/middleware.rb:20:in `call'
actionpack (5.2.5) lib/action_dispatch/middleware/show_exceptions.rb:33:in `call'
railties (5.2.5) lib/rails/rack/logger.rb:38:in `call_app'
railties (5.2.5) lib/rails/rack/logger.rb:26:in `block in call'
activesupport (5.2.5) lib/active_support/tagged_logging.rb:71:in `block in tagged'
activesupport (5.2.5) lib/active_support/tagged_logging.rb:28:in `tagged'
activesupport (5.2.5) lib/active_support/tagged_logging.rb:71:in `tagged'
railties (5.2.5) lib/rails/rack/logger.rb:26:in `call'
sprockets-rails (3.2.2) lib/sprockets/rails/quiet_assets.rb:13:in `call'
actionpack (5.2.5) lib/action_dispatch/middleware/remote_ip.rb:81:in `call'
actionpack (5.2.5) lib/action_dispatch/middleware/request_id.rb:27:in `call'
rack (2.2.3) lib/rack/method_override.rb:24:in `call'
rack (2.2.3) lib/rack/runtime.rb:22:in `call'
activesupport (5.2.5) lib/active_support/cache/strategy/local_cache_middleware.rb:29:in `call'
actionpack (5.2.5) lib/action_dispatch/middleware/executor.rb:14:in `call'
actionpack (5.2.5) lib/action_dispatch/middleware/static.rb:127:in `call'
rack (2.2.3) lib/rack/sendfile.rb:110:in `call'
railties (5.2.5) lib/rails/engine.rb:524:in `call'
puma (3.12.6) lib/puma/configuration.rb:227:in `call'
puma (3.12.6) lib/puma/server.rb:706:in `handle_request'
puma (3.12.6) lib/puma/server.rb:476:in `process_client'
puma (3.12.6) lib/puma/server.rb:334:in `block in run'
puma (3.12.6) lib/puma/thread_pool.rb:135:in `block in spawn_thread'
Started GET "/" for ::1 at 2021-04-06 15:06:17 -0700
Processing by StaticPagesController#root as HTML
  Rendering static_pages/root.html.erb within layouts/application
  Rendered static_pages/root.html.erb within layouts/application (1.6ms)
Completed 200 OK in 494ms (Views: 489.4ms | ActiveRecord: 0.0ms)


Started POST "/api/user" for ::1 at 2021-04-06 15:06:25 -0700
Processing by Api::UsersController#create as JSON
  Parameters: {"user"=>{"username"=>{"id"=>"99", "username"=>"99", "email"=>"99", "birthday"=>"20200202", "password"=>"[FILTERED]"}}}
Unpermitted parameter: :username
  [1m[35m (2.6ms)[0m  [1m[35mBEGIN[0m
  ↳ app/controllers/api/users_controller.rb:5
  [1m[36mUser Exists (1.5ms)[0m  [1m[34mSELECT  1 AS one FROM "users" WHERE "users"."username" IS NULL LIMIT $1[0m  [["LIMIT", 1]]
  ↳ app/controllers/api/users_controller.rb:5
  [1m[36mUser Exists (0.5ms)[0m  [1m[34mSELECT  1 AS one FROM "users" WHERE "users"."email" IS NULL LIMIT $1[0m  [["LIMIT", 1]]
  ↳ app/controllers/api/users_controller.rb:5
  [1m[36mUser Exists (7.8ms)[0m  [1m[34mSELECT  1 AS one FROM "users" WHERE "users"."session_token" = $1 LIMIT $2[0m  [["session_token", "cTB+0sD6G0+wL0JkenDDUw=="], ["LIMIT", 1]]
  ↳ app/controllers/api/users_controller.rb:5
  [1m[35m (0.4ms)[0m  [1m[31mROLLBACK[0m
  ↳ app/controllers/api/users_controller.rb:5
Completed 422 Unprocessable Entity in 28ms (Views: 0.4ms | ActiveRecord: 12.8ms)


Started POST "/api/user" for ::1 at 2021-04-06 15:07:19 -0700
Processing by Api::UsersController#create as JSON
  Parameters: {"user"=>{"username"=>{"id"=>"991", "username"=>"991", "email"=>"991", "birthday"=>"20200202", "password"=>"[FILTERED]"}}}
Unpermitted parameter: :username
  [1m[35m (0.2ms)[0m  [1m[35mBEGIN[0m
  ↳ app/controllers/api/users_controller.rb:5
  [1m[36mUser Exists (0.4ms)[0m  [1m[34mSELECT  1 AS one FROM "users" WHERE "users"."username" IS NULL LIMIT $1[0m  [["LIMIT", 1]]
  ↳ app/controllers/api/users_controller.rb:5
  [1m[36mUser Exists (0.5ms)[0m  [1m[34mSELECT  1 AS one FROM "users" WHERE "users"."email" IS NULL LIMIT $1[0m  [["LIMIT", 1]]
  ↳ app/controllers/api/users_controller.rb:5
  [1m[36mUser Exists (0.4ms)[0m  [1m[34mSELECT  1 AS one FROM "users" WHERE "users"."session_token" = $1 LIMIT $2[0m  [["session_token", "GJuhd6QSMvuhNG7nmN42fQ=="], ["LIMIT", 1]]
  ↳ app/controllers/api/users_controller.rb:5
  [1m[35m (0.3ms)[0m  [1m[31mROLLBACK[0m
  ↳ app/controllers/api/users_controller.rb:5
Completed 422 Unprocessable Entity in 14ms (Views: 0.5ms | ActiveRecord: 1.8ms)


Started GET "/" for ::1 at 2021-04-06 15:20:01 -0700
  [1m[35m (0.8ms)[0m  [1m[34mSELECT "schema_migrations"."version" FROM "schema_migrations" ORDER BY "schema_migrations"."version" ASC[0m
  ↳ /home/satomi/.rbenv/versions/2.5.1/lib/ruby/gems/2.5.0/gems/activerecord-5.2.5/lib/active_record/log_subscriber.rb:98
Processing by StaticPagesController#root as HTML
  Rendering static_pages/root.html.erb within layouts/application
  Rendered static_pages/root.html.erb within layouts/application (1.4ms)
Completed 200 OK in 1603ms (Views: 1602.1ms | ActiveRecord: 0.0ms)


Started POST "/api/user" for ::1 at 2021-04-06 15:20:37 -0700
Processing by Api::UsersController#create as JSON
Completed 400 Bad Request in 4ms (ActiveRecord: 0.0ms)



ActionController::ParameterMissing - param is missing or the value is empty: user:
  app/controllers/api/users_controller.rb:16:in `user_params'
  app/controllers/api/users_controller.rb:3:in `create'

Started POST "/api/user" for ::1 at 2021-04-06 15:21:22 -0700
Processing by Api::UsersController#create as JSON
  Parameters: {"user"=>{"username"=>"991", "email"=>"991", "birthday"=>"20200202", "password"=>"[FILTERED]"}}
  [1m[35m (0.2ms)[0m  [1m[35mBEGIN[0m
  ↳ app/controllers/api/users_controller.rb:5
  [1m[36mUser Exists (20.7ms)[0m  [1m[34mSELECT  1 AS one FROM "users" WHERE "users"."username" = $1 LIMIT $2[0m  [["username", "991"], ["LIMIT", 1]]
  ↳ app/controllers/api/users_controller.rb:5
  [1m[36mUser Exists (0.3ms)[0m  [1m[34mSELECT  1 AS one FROM "users" WHERE "users"."email" = $1 LIMIT $2[0m  [["email", "991"], ["LIMIT", 1]]
  ↳ app/controllers/api/users_controller.rb:5
  [1m[36mUser Exists (0.4ms)[0m  [1m[34mSELECT  1 AS one FROM "users" WHERE "users"."session_token" = $1 LIMIT $2[0m  [["session_token", "LSbWFCbzd2PVpiBrvhnV7Q=="], ["LIMIT", 1]]
  ↳ app/controllers/api/users_controller.rb:5
  [1m[36mUser Create (0.6ms)[0m  [1m[32mINSERT INTO "users" ("username", "email", "birthday", "password_digest", "session_token", "created_at", "updated_at") VALUES ($1, $2, $3, $4, $5, $6, $7) RETURNING "id"[0m  [["username", "991"], ["email", "991"], ["birthday", "2020-02-02"], ["password_digest", "$2a$12$496pfWBYhl.pOZneb5v7MOGiiwB2rFx5VmUUKpfbRzIqgeYinjp1m"], ["session_token", "LSbWFCbzd2PVpiBrvhnV7Q=="], ["created_at", "2021-04-06 22:21:22.686528"], ["updated_at", "2021-04-06 22:21:22.686528"]]
  ↳ app/controllers/api/users_controller.rb:5
  [1m[35m (10.0ms)[0m  [1m[35mCOMMIT[0m
  ↳ app/controllers/api/users_controller.rb:5
  [1m[35m (0.1ms)[0m  [1m[35mBEGIN[0m
  ↳ app/models/user.rb:48
  [1m[36mUser Exists (0.5ms)[0m  [1m[34mSELECT  1 AS one FROM "users" WHERE "users"."username" = $1 AND "users"."id" != $2 LIMIT $3[0m  [["username", "991"], ["id", 5], ["LIMIT", 1]]
  ↳ app/models/user.rb:48
  [1m[36mUser Exists (0.5ms)[0m  [1m[34mSELECT  1 AS one FROM "users" WHERE "users"."email" = $1 AND "users"."id" != $2 LIMIT $3[0m  [["email", "991"], ["id", 5], ["LIMIT", 1]]
  ↳ app/models/user.rb:48
  [1m[36mUser Exists (0.4ms)[0m  [1m[34mSELECT  1 AS one FROM "users" WHERE "users"."session_token" = $1 AND "users"."id" != $2 LIMIT $3[0m  [["session_token", "5RBC4Whlo7gCQSRVQQ2lXg=="], ["id", 5], ["LIMIT", 1]]
  ↳ app/models/user.rb:48
  [1m[36mUser Update (0.5ms)[0m  [1m[33mUPDATE "users" SET "session_token" = $1, "updated_at" = $2 WHERE "users"."id" = $3[0m  [["session_token", "5RBC4Whlo7gCQSRVQQ2lXg=="], ["updated_at", "2021-04-06 22:21:22.705460"], ["id", 5]]
  ↳ app/models/user.rb:48
  [1m[35m (1.0ms)[0m  [1m[35mCOMMIT[0m
  ↳ app/models/user.rb:48
  Rendering api/users/show.json.jbuilder
  Rendered api/users/_user.json.jbuilder (0.4ms)
  Rendered api/users/show.json.jbuilder (2.4ms)
Completed 200 OK in 353ms (Views: 6.1ms | ActiveRecord: 42.3ms)


Started POST "/api/user" for ::1 at 2021-04-06 15:22:47 -0700
Processing by Api::UsersController#create as JSON
  Parameters: {"user"=>{"id"=>"99", "username"=>"99", "email"=>"99", "birthday"=>"20200202", "password"=>"[FILTERED]"}}
Unpermitted parameter: :id
  [1m[35m (0.2ms)[0m  [1m[35mBEGIN[0m
  ↳ app/controllers/api/users_controller.rb:5
  [1m[36mUser Exists (0.4ms)[0m  [1m[34mSELECT  1 AS one FROM "users" WHERE "users"."username" = $1 LIMIT $2[0m  [["username", "99"], ["LIMIT", 1]]
  ↳ app/controllers/api/users_controller.rb:5
  [1m[36mUser Exists (0.3ms)[0m  [1m[34mSELECT  1 AS one FROM "users" WHERE "users"."email" = $1 LIMIT $2[0m  [["email", "99"], ["LIMIT", 1]]
  ↳ app/controllers/api/users_controller.rb:5
  [1m[36mUser Exists (0.4ms)[0m  [1m[34mSELECT  1 AS one FROM "users" WHERE "users"."session_token" = $1 LIMIT $2[0m  [["session_token", "mru14Tf50X9qPLNfchBtgQ=="], ["LIMIT", 1]]
  ↳ app/controllers/api/users_controller.rb:5
  [1m[35m (0.2ms)[0m  [1m[31mROLLBACK[0m
  ↳ app/controllers/api/users_controller.rb:5
Completed 422 Unprocessable Entity in 321ms (ActiveRecord: 6.5ms)



ActiveRecord::RecordInvalid - Validation failed: Username has already been taken, Email has already been taken:
  app/controllers/api/users_controller.rb:5:in `create'

Started POST "/api/user" for ::1 at 2021-04-06 15:22:58 -0700
Processing by Api::UsersController#create as JSON
  Parameters: {"user"=>{"username"=>"99", "email"=>"99", "birthday"=>"20200202", "password"=>"[FILTERED]"}}
  [1m[35m (0.2ms)[0m  [1m[35mBEGIN[0m
  ↳ app/controllers/api/users_controller.rb:5
  [1m[36mUser Exists (0.4ms)[0m  [1m[34mSELECT  1 AS one FROM "users" WHERE "users"."username" = $1 LIMIT $2[0m  [["username", "99"], ["LIMIT", 1]]
  ↳ app/controllers/api/users_controller.rb:5
  [1m[36mUser Exists (0.3ms)[0m  [1m[34mSELECT  1 AS one FROM "users" WHERE "users"."email" = $1 LIMIT $2[0m  [["email", "99"], ["LIMIT", 1]]
  ↳ app/controllers/api/users_controller.rb:5
  [1m[36mUser Exists (0.4ms)[0m  [1m[34mSELECT  1 AS one FROM "users" WHERE "users"."session_token" = $1 LIMIT $2[0m  [["session_token", "W6u5DdeO/PfHTYAzci5cYw=="], ["LIMIT", 1]]
  ↳ app/controllers/api/users_controller.rb:5
  [1m[35m (0.2ms)[0m  [1m[31mROLLBACK[0m
  ↳ app/controllers/api/users_controller.rb:5
Completed 422 Unprocessable Entity in 279ms (ActiveRecord: 1.5ms)



ActiveRecord::RecordInvalid - Validation failed: Username has already been taken, Email has already been taken:
  app/controllers/api/users_controller.rb:5:in `create'

Started POST "/api/user" for ::1 at 2021-04-06 15:23:09 -0700
Processing by Api::UsersController#create as JSON
  Parameters: {"user"=>{"username"=>"919", "email"=>"919", "birthday"=>"20200202", "password"=>"[FILTERED]"}}
  [1m[35m (0.2ms)[0m  [1m[35mBEGIN[0m
  ↳ app/controllers/api/users_controller.rb:5
  [1m[36mUser Exists (0.4ms)[0m  [1m[34mSELECT  1 AS one FROM "users" WHERE "users"."username" = $1 LIMIT $2[0m  [["username", "919"], ["LIMIT", 1]]
  ↳ app/controllers/api/users_controller.rb:5
  [1m[36mUser Exists (0.3ms)[0m  [1m[34mSELECT  1 AS one FROM "users" WHERE "users"."email" = $1 LIMIT $2[0m  [["email", "919"], ["LIMIT", 1]]
  ↳ app/controllers/api/users_controller.rb:5
  [1m[36mUser Exists (0.4ms)[0m  [1m[34mSELECT  1 AS one FROM "users" WHERE "users"."session_token" = $1 LIMIT $2[0m  [["session_token", "I7lFfFas4h1w98w6r3fi1w=="], ["LIMIT", 1]]
  ↳ app/controllers/api/users_controller.rb:5
  [1m[36mUser Create (0.4ms)[0m  [1m[32mINSERT INTO "users" ("username", "email", "birthday", "password_digest", "session_token", "created_at", "updated_at") VALUES ($1, $2, $3, $4, $5, $6, $7) RETURNING "id"[0m  [["username", "919"], ["email", "919"], ["birthday", "2020-02-02"], ["password_digest", "$2a$12$4nCUdAbFcQZ.lN/vEHsaNOQQzQ/xUoZy8TWcYHY4Zn7SSap..ZrzW"], ["session_token", "I7lFfFas4h1w98w6r3fi1w=="], ["created_at", "2021-04-06 22:23:09.980772"], ["updated_at", "2021-04-06 22:23:09.980772"]]
  ↳ app/controllers/api/users_controller.rb:5
  [1m[35m (5.1ms)[0m  [1m[35mCOMMIT[0m
  ↳ app/controllers/api/users_controller.rb:5
  [1m[35m (0.1ms)[0m  [1m[35mBEGIN[0m
  ↳ app/models/user.rb:48
  [1m[36mUser Exists (0.4ms)[0m  [1m[34mSELECT  1 AS one FROM "users" WHERE "users"."username" = $1 AND "users"."id" != $2 LIMIT $3[0m  [["username", "919"], ["id", 6], ["LIMIT", 1]]
  ↳ app/models/user.rb:48
  [1m[36mUser Exists (0.3ms)[0m  [1m[34mSELECT  1 AS one FROM "users" WHERE "users"."email" = $1 AND "users"."id" != $2 LIMIT $3[0m  [["email", "919"], ["id", 6], ["LIMIT", 1]]
  ↳ app/models/user.rb:48
  [1m[36mUser Exists (0.4ms)[0m  [1m[34mSELECT  1 AS one FROM "users" WHERE "users"."session_token" = $1 AND "users"."id" != $2 LIMIT $3[0m  [["session_token", "Og1juBsjxLdNzcFpqZEVVA=="], ["id", 6], ["LIMIT", 1]]
  ↳ app/models/user.rb:48
  [1m[36mUser Update (0.4ms)[0m  [1m[33mUPDATE "users" SET "session_token" = $1, "updated_at" = $2 WHERE "users"."id" = $3[0m  [["session_token", "Og1juBsjxLdNzcFpqZEVVA=="], ["updated_at", "2021-04-06 22:23:09.993543"], ["id", 6]]
  ↳ app/models/user.rb:48
  [1m[35m (1.0ms)[0m  [1m[35mCOMMIT[0m
  ↳ app/models/user.rb:48
  Rendering api/users/show.json.jbuilder
  Rendered api/users/_user.json.jbuilder (0.4ms)
  Rendered api/users/show.json.jbuilder (1.7ms)
Completed 200 OK in 345ms (Views: 4.6ms | ActiveRecord: 9.4ms)


Started GET "/" for ::1 at 2021-04-06 15:28:18 -0700
Processing by StaticPagesController#root as HTML
  Rendering static_pages/root.html.erb within layouts/application
  Rendered static_pages/root.html.erb within layouts/application (1.5ms)
Completed 200 OK in 518ms (Views: 515.8ms | ActiveRecord: 0.0ms)


Started POST "/api/session" for ::1 at 2021-04-06 15:28:59 -0700
Processing by Api::SessionsController#create as JSON
  Parameters: {"user"=>{"username"=>"919", "email"=>"919", "birthday"=>"20200202", "password"=>"[FILTERED]"}}
  [1m[36mUser Load (0.5ms)[0m  [1m[34mSELECT  "users".* FROM "users" WHERE "users"."username" = $1 LIMIT $2[0m  [["username", "919"], ["LIMIT", 1]]
  ↳ app/models/user.rb:29
  [1m[35m (0.2ms)[0m  [1m[35mBEGIN[0m
  ↳ app/models/user.rb:48
  [1m[36mUser Exists (0.4ms)[0m  [1m[34mSELECT  1 AS one FROM "users" WHERE "users"."username" = $1 AND "users"."id" != $2 LIMIT $3[0m  [["username", "919"], ["id", 6], ["LIMIT", 1]]
  ↳ app/models/user.rb:48
  [1m[36mUser Exists (0.4ms)[0m  [1m[34mSELECT  1 AS one FROM "users" WHERE "users"."email" = $1 AND "users"."id" != $2 LIMIT $3[0m  [["email", "919"], ["id", 6], ["LIMIT", 1]]
  ↳ app/models/user.rb:48
  [1m[36mUser Exists (0.4ms)[0m  [1m[34mSELECT  1 AS one FROM "users" WHERE "users"."session_token" = $1 AND "users"."id" != $2 LIMIT $3[0m  [["session_token", "nediT57Hf2u5Nv7piATb0A=="], ["id", 6], ["LIMIT", 1]]
  ↳ app/models/user.rb:48
  [1m[36mUser Update (0.4ms)[0m  [1m[33mUPDATE "users" SET "session_token" = $1, "updated_at" = $2 WHERE "users"."id" = $3[0m  [["session_token", "nediT57Hf2u5Nv7piATb0A=="], ["updated_at", "2021-04-06 22:29:00.224574"], ["id", 6]]
  ↳ app/models/user.rb:48
  [1m[35m (0.9ms)[0m  [1m[35mCOMMIT[0m
  ↳ app/models/user.rb:48
  Rendering api/users/show.json.jbuilder
  Rendered api/users/_user.json.jbuilder (0.4ms)
  Rendered api/users/show.json.jbuilder (1.6ms)
Completed 200 OK in 385ms (Views: 3.9ms | ActiveRecord: 9.4ms)


Started POST "/api/session" for ::1 at 2021-04-06 15:34:46 -0700
Processing by Api::SessionsController#create as JSON
  Parameters: {"user"=>{"username"=>"919", "email"=>"919", "birthday"=>"20200202", "password"=>"[FILTERED]"}}
  [1m[36mUser Load (34.3ms)[0m  [1m[34mSELECT  "users".* FROM "users" WHERE "users"."username" = $1 LIMIT $2[0m  [["username", "919"], ["LIMIT", 1]]
  ↳ app/models/user.rb:29
  [1m[35m (0.2ms)[0m  [1m[35mBEGIN[0m
  ↳ app/models/user.rb:48
  [1m[36mUser Exists (0.4ms)[0m  [1m[34mSELECT  1 AS one FROM "users" WHERE "users"."username" = $1 AND "users"."id" != $2 LIMIT $3[0m  [["username", "919"], ["id", 6], ["LIMIT", 1]]
  ↳ app/models/user.rb:48
  [1m[36mUser Exists (0.4ms)[0m  [1m[34mSELECT  1 AS one FROM "users" WHERE "users"."email" = $1 AND "users"."id" != $2 LIMIT $3[0m  [["email", "919"], ["id", 6], ["LIMIT", 1]]
  ↳ app/models/user.rb:48
  [1m[36mUser Exists (0.4ms)[0m  [1m[34mSELECT  1 AS one FROM "users" WHERE "users"."session_token" = $1 AND "users"."id" != $2 LIMIT $3[0m  [["session_token", "ZbMgdjhxwPHD2l/9OCHMnQ=="], ["id", 6], ["LIMIT", 1]]
  ↳ app/models/user.rb:48
  [1m[36mUser Update (0.6ms)[0m  [1m[33mUPDATE "users" SET "session_token" = $1, "updated_at" = $2 WHERE "users"."id" = $3[0m  [["session_token", "ZbMgdjhxwPHD2l/9OCHMnQ=="], ["updated_at", "2021-04-06 22:34:46.811100"], ["id", 6]]
  ↳ app/models/user.rb:48
  [1m[35m (9.7ms)[0m  [1m[35mCOMMIT[0m
  ↳ app/models/user.rb:48
  Rendering api/users/show.json.jbuilder
  Rendered api/users/_user.json.jbuilder (0.3ms)
  Rendered api/users/show.json.jbuilder (1.4ms)
Completed 200 OK in 339ms (Views: 3.5ms | ActiveRecord: 46.3ms)


Started POST "/api/session" for ::1 at 2021-04-06 15:37:09 -0700
Processing by Api::SessionsController#create as JSON
  Parameters: {"user"=>{"username"=>"919", "email"=>"919", "birthday"=>"20200202", "password"=>"[FILTERED]"}}
  [1m[36mUser Load (0.5ms)[0m  [1m[34mSELECT  "users".* FROM "users" WHERE "users"."username" = $1 LIMIT $2[0m  [["username", "919"], ["LIMIT", 1]]
  ↳ app/models/user.rb:29
  [1m[35m (0.2ms)[0m  [1m[35mBEGIN[0m
  ↳ app/models/user.rb:48
  [1m[36mUser Exists (0.4ms)[0m  [1m[34mSELECT  1 AS one FROM "users" WHERE "users"."username" = $1 AND "users"."id" != $2 LIMIT $3[0m  [["username", "919"], ["id", 6], ["LIMIT", 1]]
  ↳ app/models/user.rb:48
  [1m[36mUser Exists (0.3ms)[0m  [1m[34mSELECT  1 AS one FROM "users" WHERE "users"."email" = $1 AND "users"."id" != $2 LIMIT $3[0m  [["email", "919"], ["id", 6], ["LIMIT", 1]]
  ↳ app/models/user.rb:48
  [1m[36mUser Exists (0.3ms)[0m  [1m[34mSELECT  1 AS one FROM "users" WHERE "users"."session_token" = $1 AND "users"."id" != $2 LIMIT $3[0m  [["session_token", "JugsKrU9x90gB6IzQb4s8A=="], ["id", 6], ["LIMIT", 1]]
  ↳ app/models/user.rb:48
  [1m[36mUser Update (0.4ms)[0m  [1m[33mUPDATE "users" SET "session_token" = $1, "updated_at" = $2 WHERE "users"."id" = $3[0m  [["session_token", "JugsKrU9x90gB6IzQb4s8A=="], ["updated_at", "2021-04-06 22:37:09.340806"], ["id", 6]]
  ↳ app/models/user.rb:48
  [1m[35m (3.7ms)[0m  [1m[35mCOMMIT[0m
  ↳ app/models/user.rb:48
  Rendering api/users/show.json.jbuilder
  Rendered api/users/_user.json.jbuilder (0.3ms)
  Rendered api/users/show.json.jbuilder (1.3ms)
Completed 200 OK in 282ms (Views: 3.3ms | ActiveRecord: 5.8ms)


Started GET "/" for ::1 at 2021-04-06 15:41:09 -0700
Processing by StaticPagesController#root as HTML
  Rendering static_pages/root.html.erb within layouts/application
  Rendered static_pages/root.html.erb within layouts/application (0.5ms)
Completed 200 OK in 392ms (Views: 390.4ms | ActiveRecord: 0.0ms)


Started GET "/" for ::1 at 2021-04-06 15:45:29 -0700
  [1m[35m (0.7ms)[0m  [1m[34mSELECT "schema_migrations"."version" FROM "schema_migrations" ORDER BY "schema_migrations"."version" ASC[0m
  ↳ /home/satomi/.rbenv/versions/2.5.1/lib/ruby/gems/2.5.0/gems/activerecord-5.2.5/lib/active_record/log_subscriber.rb:98
Processing by StaticPagesController#root as HTML
  Rendering static_pages/root.html.erb within layouts/application
  Rendered static_pages/root.html.erb within layouts/application (1.0ms)
Completed 200 OK in 1107ms (Views: 1106.0ms | ActiveRecord: 0.0ms)


Started GET "/" for ::1 at 2021-04-06 15:47:34 -0700
Processing by StaticPagesController#root as HTML
  Rendering static_pages/root.html.erb within layouts/application
  Rendered static_pages/root.html.erb within layouts/application (1.0ms)
Completed 200 OK in 444ms (Views: 440.4ms | ActiveRecord: 0.0ms)


Started GET "/" for ::1 at 2021-04-06 15:47:49 -0700
Processing by StaticPagesController#root as HTML
  Rendering static_pages/root.html.erb within layouts/application
  Rendered static_pages/root.html.erb within layouts/application (0.8ms)
Completed 200 OK in 440ms (Views: 437.5ms | ActiveRecord: 0.0ms)


Started GET "/" for ::1 at 2021-04-06 15:48:15 -0700
Processing by StaticPagesController#root as HTML
  Rendering static_pages/root.html.erb within layouts/application
  Rendered static_pages/root.html.erb within layouts/application (1.0ms)
Completed 200 OK in 438ms (Views: 434.8ms | ActiveRecord: 0.0ms)


Started GET "/" for ::1 at 2021-04-06 15:58:47 -0700
Processing by StaticPagesController#root as HTML
  Rendering static_pages/root.html.erb within layouts/application
  Rendered static_pages/root.html.erb within layouts/application (0.8ms)
Completed 200 OK in 439ms (Views: 437.6ms | ActiveRecord: 0.0ms)


Started GET "/" for ::1 at 2021-04-06 15:58:57 -0700
Processing by StaticPagesController#root as HTML
  Rendering static_pages/root.html.erb within layouts/application
  Rendered static_pages/root.html.erb within layouts/application (0.9ms)
Completed 200 OK in 504ms (Views: 500.0ms | ActiveRecord: 0.0ms)


Started GET "/" for ::1 at 2021-04-06 15:59:47 -0700
Processing by StaticPagesController#root as HTML
  Rendering static_pages/root.html.erb within layouts/application
  Rendered static_pages/root.html.erb within layouts/application (0.8ms)
Completed 200 OK in 475ms (Views: 472.0ms | ActiveRecord: 0.0ms)


Started GET "/" for ::1 at 2021-04-06 15:59:54 -0700
Processing by StaticPagesController#root as HTML
  Rendering static_pages/root.html.erb within layouts/application
  Rendered static_pages/root.html.erb within layouts/application (0.8ms)
Completed 200 OK in 141ms (Views: 138.5ms | ActiveRecord: 0.0ms)


Started GET "/" for ::1 at 2021-04-06 16:00:18 -0700
Processing by StaticPagesController#root as HTML
  Rendering static_pages/root.html.erb within layouts/application
  Rendered static_pages/root.html.erb within layouts/application (0.7ms)
Completed 200 OK in 440ms (Views: 437.4ms | ActiveRecord: 0.0ms)


Started GET "/" for ::1 at 2021-04-06 16:05:01 -0700
Processing by StaticPagesController#root as HTML
  Rendering static_pages/root.html.erb within layouts/application
  Rendered static_pages/root.html.erb within layouts/application (1.5ms)
Completed 200 OK in 42ms (Views: 39.4ms | ActiveRecord: 0.0ms)


Started GET "/" for ::1 at 2021-04-06 16:05:05 -0700
Processing by StaticPagesController#root as HTML
  Rendering static_pages/root.html.erb within layouts/application
  Rendered static_pages/root.html.erb within layouts/application (0.9ms)
Completed 200 OK in 37ms (Views: 34.1ms | ActiveRecord: 0.0ms)


Started GET "/" for ::1 at 2021-04-06 16:13:40 -0700
  [1m[35m (0.7ms)[0m  [1m[34mSELECT "schema_migrations"."version" FROM "schema_migrations" ORDER BY "schema_migrations"."version" ASC[0m
  ↳ /home/satomi/.rbenv/versions/2.5.1/lib/ruby/gems/2.5.0/gems/activerecord-5.2.5/lib/active_record/log_subscriber.rb:98
Processing by StaticPagesController#root as HTML
  Rendering static_pages/root.html.erb within layouts/application
  Rendered static_pages/root.html.erb within layouts/application (1.4ms)
Completed 200 OK in 1011ms (Views: 1009.4ms | ActiveRecord: 0.0ms)


